VERY FEW TEXT BLOCKS (0)! Trying alternative extraction...
NO TEXT BLOCKS FOUND! Simple text length: 2
Simple text preview: ' 
...'
VERY FEW TEXT BLOCKS (0)! Trying alternative extraction...
NO TEXT BLOCKS FOUND! Simple text length: 2
Simple text preview: ' 
...'
Page 1: OVERRIDING exclusion for large text block 7 - area:44304.4, text_len:329
Page 1: OVERRIDING exclusion for large text block 15 - area:6184.4, text_len:39
Page 1: OVERRIDING exclusion for large text block 17 - area:11280.3, text_len:140
Page 1: OVERRIDING exclusion for large text block 18 - area:11547.4, text_len:135
Page 2: OVERRIDING exclusion for large text block 3 - area:17972.2, text_len:175
Page 2: OVERRIDING exclusion for large text block 6 - area:5953.5, text_len:65
Page 2: OVERRIDING exclusion for large text block 9 - area:17139.7, text_len:141
Page 2: OVERRIDING exclusion for large text block 12 - area:25838.3, text_len:265
Page 2: OVERRIDING exclusion for large text block 14 - area:13290.0, text_len:211
Page 2: OVERRIDING exclusion for large text block 15 - area:12296.4, text_len:146
Page 2: OVERRIDING exclusion for large text block 16 - area:49069.3, text_len:553
Page 3: Very few text units (1) detected, trying OCR backup...
Page 4: OVERRIDING exclusion for large text block 4 - area:7083.0, text_len:40
Page 4: OVERRIDING exclusion for large text block 7 - area:6176.5, text_len:54
Page 4: OVERRIDING exclusion for large text block 8 - area:5273.6, text_len:45
Page 4: OVERRIDING exclusion for large text block 9 - area:5248.2, text_len:89
Page 4: OVERRIDING exclusion for large text block 10 - area:23489.9, text_len:270
Page 4: OVERRIDING exclusion for large text block 13 - area:7496.2, text_len:67
Page 4: OVERRIDING exclusion for large text block 14 - area:7741.3, text_len:49
Page 4: OVERRIDING exclusion for large text block 20 - area:5105.6, text_len:78
Page 4: OVERRIDING exclusion for large text block 22 - area:13971.6, text_len:72
Page 6: OVERRIDING exclusion for large text block 10 - area:5764.8, text_len:58
Page 6: Very few text units (1) detected, trying OCR backup...
Page 2: Very few text units (1) detected, trying OCR backup...
VERY FEW TEXT BLOCKS (2)! Trying alternative extraction...
VERY FEW TEXT BLOCKS (1)! Trying alternative extraction...
VERY FEW TEXT BLOCKS (1)! Trying alternative extraction...
VERY FEW TEXT BLOCKS (2)! Trying alternative extraction...
