VERY FEW TEXT BLOCKS (2)! Trying alternative extraction...
Page 7: OVERRIDING exclusion for large text block 1 - area:39003.5, text_len:316
Page 7: OVERRIDING exclusion for large text block 9 - area:5700.6, text_len:50
Page 8: OVERRIDING exclusion for large text block 9 - area:6471.1, text_len:54
Page 8: OVERRIDING exclusion for large text block 12 - area:6813.1, text_len:50
Page 8: OVERRIDING exclusion for large text block 25 - area:8166.3, text_len:15
Page 9: OVERRIDING exclusion for large text block 2 - area:23284.3, text_len:206
Page 9: OVERRIDING exclusion for large text block 11 - area:5700.6, text_len:50
Page 9: OVERRIDING exclusion for large text block 14 - area:7091.1, text_len:48
Page 10: OVERRIDING exclusion for large text block 2 - area:38989.0, text_len:297
Page 10: OVERRIDING exclusion for large text block 11 - area:6063.8, text_len:62
Page 10: OVERRIDING exclusion for large text block 14 - area:6566.9, text_len:45
Page 11: OVERRIDING exclusion for large text block 8 - area:6814.7, text_len:55
Page 11: OVERRIDING exclusion for large text block 11 - area:6079.3, text_len:47
Page 11: OVERRIDING exclusion for large text block 26 - area:5066.1, text_len:9
Page 12: OVERRIDING exclusion for large text block 3 - area:31806.4, text_len:254
Page 12: OVERRIDING exclusion for large text block 11 - area:6419.1, text_len:61
Page 13: OVERRIDING exclusion for large text block 2 - area:30539.2, text_len:242
Page 13: OVERRIDING exclusion for large text block 8 - area:6119.8, text_len:48
Page 14: OVERRIDING exclusion for large text block 2 - area:22985.5, text_len:217
Page 14: OVERRIDING exclusion for large text block 3 - area:30737.0, text_len:237
Page 14: OVERRIDING exclusion for large text block 9 - area:6814.7, text_len:55
Page 14: OVERRIDING exclusion for large text block 27 - area:6076.2, text_len:12
Page 15: OVERRIDING exclusion for large text block 11 - area:6185.3, text_len:50
Page 15: OVERRIDING exclusion for large text block 14 - area:22665.1, text_len:148
Page 16: OVERRIDING exclusion for large text block 4 - area:26455.8, text_len:106
Page 16: OVERRIDING exclusion for large text block 5 - area:14237.5, text_len:108
Page 16: OVERRIDING exclusion for large text block 17 - area:6430.3, text_len:54
Page 16: OVERRIDING exclusion for large text block 20 - area:6800.7, text_len:48
Page 17: OVERRIDING exclusion for large text block 9 - area:6119.8, text_len:48
Page 17: OVERRIDING exclusion for large text block 12 - area:6916.0, text_len:56
Page 18: OVERRIDING exclusion for large text block 9 - area:6119.8, text_len:48
Page 18: OVERRIDING exclusion for large text block 12 - area:6634.2, text_len:54
Page 18: OVERRIDING exclusion for large text block 29 - area:5672.8, text_len:11
Page 19: OVERRIDING exclusion for large text block 1 - area:139920.9, text_len:1172
Page 19: OVERRIDING exclusion for large text block 2 - area:49524.5, text_len:244
Page 19: OVERRIDING exclusion for large text block 11 - area:7369.3, text_len:44
Page 19: OVERRIDING exclusion for large text block 13 - area:7172.2, text_len:48
Page 19: OVERRIDING exclusion for large text block 19 - area:7022.7, text_len:67
Page 19: OVERRIDING exclusion for large text block 21 - area:10069.8, text_len:297
Page 20: OVERRIDING exclusion for large text block 1 - area:101170.5, text_len:1023
Page 20: OVERRIDING exclusion for large text block 3 - area:88260.4, text_len:416
Page 20: OVERRIDING exclusion for large text block 12 - area:7367.7, text_len:44
Page 20: OVERRIDING exclusion for large text block 14 - area:7172.2, text_len:48
Page 20: OVERRIDING exclusion for large text block 20 - area:7033.1, text_len:67
Page 20: OVERRIDING exclusion for large text block 22 - area:10069.8, text_len:297
Page 21: OVERRIDING exclusion for large text block 10 - area:6892.7, text_len:50
Page 21: OVERRIDING exclusion for large text block 12 - area:7139.2, text_len:48
Page 21: OVERRIDING exclusion for large text block 18 - area:5070.2, text_len:49
Page 21: OVERRIDING exclusion for large text block 21 - area:7057.6, text_len:13
Page 21: OVERRIDING exclusion for large text block 23 - area:78323.6, text_len:638
Page 21: OVERRIDING exclusion for large text block 24 - area:64748.2, text_len:681
Page 21: OVERRIDING exclusion for large text block 25 - area:10069.8, text_len:297
Page 22: OVERRIDING exclusion for large text block 7 - area:14050.4, text_len:70
Page 22: OVERRIDING exclusion for large text block 8 - area:7099.8, text_len:48
Page 22: OVERRIDING exclusion for large text block 17 - area:77354.3, text_len:639
Page 22: OVERRIDING exclusion for large text block 18 - area:68940.7, text_len:680
Page 22: OVERRIDING exclusion for large text block 19 - area:6077.2, text_len:10
Page 22: OVERRIDING exclusion for large text block 21 - area:10053.8, text_len:297
Page 23: OVERRIDING exclusion for large text block 11 - area:6320.0, text_len:62
Page 23: OVERRIDING exclusion for large text block 12 - area:12796.7, text_len:23
Page 24: OVERRIDING exclusion for large text block 11 - area:6320.0, text_len:61
VERY FEW TEXT BLOCKS (0)! Trying alternative extraction...
NO TEXT BLOCKS FOUND! Simple text length: 2
Simple text preview: ' 
...'
VERY FEW TEXT BLOCKS (0)! Trying alternative extraction...
NO TEXT BLOCKS FOUND! Simple text length: 2
Simple text preview: ' 
...'
Page 1: OVERRIDING exclusion for large text block 7 - area:44304.4, text_len:329
Page 1: OVERRIDING exclusion for large text block 15 - area:6184.4, text_len:39
Page 1: OVERRIDING exclusion for large text block 17 - area:11280.3, text_len:140
Page 1: OVERRIDING exclusion for large text block 18 - area:11547.4, text_len:135
Page 2: OVERRIDING exclusion for large text block 3 - area:17972.2, text_len:175
Page 2: OVERRIDING exclusion for large text block 6 - area:5953.5, text_len:65
Page 2: OVERRIDING exclusion for large text block 9 - area:17139.7, text_len:141
Page 2: OVERRIDING exclusion for large text block 12 - area:25838.3, text_len:265
Page 2: OVERRIDING exclusion for large text block 14 - area:13290.0, text_len:211
Page 2: OVERRIDING exclusion for large text block 15 - area:12296.4, text_len:146
Page 2: OVERRIDING exclusion for large text block 16 - area:49069.3, text_len:553
Page 3: Very few text units (1) detected, trying OCR backup...
Page 4: OVERRIDING exclusion for large text block 4 - area:7083.0, text_len:40
Page 4: OVERRIDING exclusion for large text block 7 - area:6176.5, text_len:54
Page 4: OVERRIDING exclusion for large text block 8 - area:5273.6, text_len:45
Page 4: OVERRIDING exclusion for large text block 9 - area:5248.2, text_len:89
Page 4: OVERRIDING exclusion for large text block 10 - area:23489.9, text_len:270
Page 4: OVERRIDING exclusion for large text block 13 - area:7496.2, text_len:67
Page 4: OVERRIDING exclusion for large text block 14 - area:7741.3, text_len:49
Page 4: OVERRIDING exclusion for large text block 20 - area:5105.6, text_len:78
Page 4: OVERRIDING exclusion for large text block 22 - area:13971.6, text_len:72
Page 6: OVERRIDING exclusion for large text block 10 - area:5764.8, text_len:58
Page 6: Very few text units (1) detected, trying OCR backup...
Page 2: Very few text units (1) detected, trying OCR backup...
VERY FEW TEXT BLOCKS (2)! Trying alternative extraction...
VERY FEW TEXT BLOCKS (1)! Trying alternative extraction...
VERY FEW TEXT BLOCKS (1)! Trying alternative extraction...
VERY FEW TEXT BLOCKS (2)! Trying alternative extraction...
